{"contracts/Configurable.sol":{"l":{"39":0,"48":6,"49":6,"50":6,"59":3,"60":3,"61":3},"path":"/home/kostysh/dev/wtmp-contracts-fork/contracts/Configurable.sol","s":{"1":6,"2":6,"3":3,"4":3},"b":{"1":[6,0],"2":[3,0]},"f":{"1":0,"2":6,"3":3},"fnMap":{"1":{"name":"variables","line":38,"loc":{"start":{"line":38,"column":2},"end":{"line":40,"column":2}}},"2":{"name":"config","line":47,"loc":{"start":{"line":47,"column":2},"end":{"line":51,"column":2}}},"3":{"name":"config","line":58,"loc":{"start":{"line":58,"column":2},"end":{"line":62,"column":2}}}},"statementMap":{"1":{"start":{"line":49,"column":4},"end":{"line":49,"column":23}},"2":{"start":{"line":50,"column":4},"end":{"line":50,"column":35}},"3":{"start":{"line":60,"column":4},"end":{"line":60,"column":23}},"4":{"start":{"line":61,"column":4},"end":{"line":61,"column":37}}},"branchMap":{"1":{"line":47,"type":"if","locations":[{"start":{"line":47,"column":54},"end":{"line":47,"column":54}},{"start":{"line":47,"column":54},"end":{"line":47,"column":54}}]},"2":{"line":58,"type":"if","locations":[{"start":{"line":58,"column":54},"end":{"line":58,"column":54}},{"start":{"line":58,"column":54},"end":{"line":58,"column":54}}]}}},"contracts/DealsRegistry.sol":{"l":{"179":3,"186":7,"193":6,"206":0,"216":7,"218":7,"219":6,"222":7,"229":0,"231":0,"232":0,"235":0,"240":11,"334":11,"337":11,"338":11,"339":11,"342":11,"343":1,"347":10,"348":1,"353":9,"354":1,"358":8,"359":1,"362":7,"366":7,"367":1,"371":6,"372":6,"374":6,"376":6,"377":5,"378":5,"379":5,"383":6,"384":1,"387":5,"390":5,"391":0,"395":5,"397":5,"399":0,"400":0,"404":5,"405":0,"408":5,"410":5,"424":6,"427":6,"428":1,"432":5,"433":1,"436":4,"437":4,"440":4,"441":1,"444":3,"447":3,"448":0,"451":3,"452":3,"454":3},"path":"/home/kostysh/dev/wtmp-contracts-fork/contracts/DealsRegistry.sol","s":{"1":3,"2":7,"3":6,"4":0,"5":7,"6":7,"7":7,"8":0,"9":0,"10":0,"11":11,"12":11,"13":11,"14":11,"15":11,"16":10,"17":9,"18":8,"19":7,"20":7,"21":6,"22":6,"23":6,"24":6,"25":6,"26":5,"27":5,"28":5,"29":0,"30":0,"31":5,"32":5,"33":5,"34":6,"35":6,"36":5,"37":4,"38":4,"39":4,"40":3,"41":3,"42":3,"43":3},"b":{"1":[5,0],"2":[3,0],"3":[1,10],"4":[1,9],"5":[1,8],"6":[1,7],"7":[1,6],"8":[5,1],"9":[1,5],"10":[0,5],"11":[0,5],"12":[0,5],"13":[1,5],"14":[1,4],"15":[1,3],"16":[0,3]},"f":{"1":3,"2":7,"3":6,"4":0,"5":7,"6":0,"7":11,"8":5,"9":5,"10":3,"11":3,"12":11,"13":6},"fnMap":{"1":{"name":"constructor","line":176,"loc":{"start":{"line":171,"column":2},"end":{"line":180,"column":2}}},"2":{"name":"hash","line":185,"loc":{"start":{"line":185,"column":2},"end":{"line":187,"column":2}}},"3":{"name":"hash","line":190,"loc":{"start":{"line":190,"column":2},"end":{"line":202,"column":2}}},"4":{"name":"hash","line":205,"loc":{"start":{"line":205,"column":2},"end":{"line":210,"column":2}}},"5":{"name":"hash","line":213,"loc":{"start":{"line":213,"column":2},"end":{"line":223,"column":2}}},"6":{"name":"hash","line":226,"loc":{"start":{"line":226,"column":2},"end":{"line":236,"column":2}}},"7":{"name":"hash","line":239,"loc":{"start":{"line":239,"column":2},"end":{"line":256,"column":2}}},"8":{"name":"_beforeDealCreated","line":273,"loc":{"start":{"line":268,"column":2},"end":{"line":273,"column":36}}},"9":{"name":"_afterDealCreated","line":283,"loc":{"start":{"line":283,"column":2},"end":{"line":288,"column":22}}},"10":{"name":"_beforeDealClaimed","line":298,"loc":{"start":{"line":295,"column":2},"end":{"line":298,"column":36}}},"11":{"name":"_afterDealClaimed","line":305,"loc":{"start":{"line":305,"column":2},"end":{"line":305,"column":79}}},"12":{"name":"deal","line":328,"loc":{"start":{"line":328,"column":2},"end":{"line":411,"column":2}}},"13":{"name":"claim","line":423,"loc":{"start":{"line":423,"column":2},"end":{"line":455,"column":2}}}},"statementMap":{"1":{"start":{"line":179,"column":4},"end":{"line":179,"column":29}},"2":{"start":{"line":186,"column":4},"end":{"line":186,"column":46}},"3":{"start":{"line":193,"column":4},"end":{"line":193,"column":6224}},"4":{"start":{"line":206,"column":4},"end":{"line":206,"column":6552}},"5":{"start":{"line":216,"column":4},"end":{"line":216,"column":66}},"6":{"start":{"line":218,"column":4},"end":{"line":218,"column":6891}},"7":{"start":{"line":222,"column":4},"end":{"line":222,"column":23}},"8":{"start":{"line":229,"column":4},"end":{"line":229,"column":65}},"9":{"start":{"line":231,"column":4},"end":{"line":231,"column":7246}},"10":{"start":{"line":235,"column":4},"end":{"line":235,"column":23}},"11":{"start":{"line":240,"column":4},"end":{"line":240,"column":7493}},"12":{"start":{"line":334,"column":4},"end":{"line":334,"column":32}},"13":{"start":{"line":338,"column":6},"end":{"line":338,"column":55}},"14":{"start":{"line":339,"column":6},"end":{"line":339,"column":61}},"15":{"start":{"line":342,"column":6},"end":{"line":342,"column":10711}},"16":{"start":{"line":347,"column":6},"end":{"line":347,"column":10843}},"17":{"start":{"line":353,"column":6},"end":{"line":353,"column":11077}},"18":{"start":{"line":358,"column":6},"end":{"line":358,"column":11191}},"19":{"start":{"line":362,"column":6},"end":{"line":362,"column":48}},"20":{"start":{"line":366,"column":6},"end":{"line":366,"column":11427}},"21":{"start":{"line":371,"column":4},"end":{"line":371,"column":17}},"22":{"start":{"line":372,"column":4},"end":{"line":372,"column":17}},"23":{"start":{"line":374,"column":4},"end":{"line":374,"column":11563}},"24":{"start":{"line":376,"column":6},"end":{"line":376,"column":11691}},"25":{"start":{"line":383,"column":4},"end":{"line":383,"column":11846}},"26":{"start":{"line":387,"column":4},"end":{"line":387,"column":49}},"27":{"start":{"line":390,"column":4},"end":{"line":390,"column":12042}},"28":{"start":{"line":397,"column":4},"end":{"line":397,"column":12279}},"29":{"start":{"line":399,"column":6},"end":{"line":399,"column":56}},"30":{"start":{"line":400,"column":6},"end":{"line":400,"column":77}},"31":{"start":{"line":404,"column":4},"end":{"line":404,"column":12616}},"32":{"start":{"line":408,"column":4},"end":{"line":408,"column":37}},"33":{"start":{"line":410,"column":4},"end":{"line":410,"column":48}},"34":{"start":{"line":424,"column":4},"end":{"line":424,"column":46}},"35":{"start":{"line":427,"column":4},"end":{"line":427,"column":13202}},"36":{"start":{"line":432,"column":4},"end":{"line":432,"column":13319}},"37":{"start":{"line":436,"column":4},"end":{"line":436,"column":33}},"38":{"start":{"line":437,"column":4},"end":{"line":437,"column":72}},"39":{"start":{"line":440,"column":4},"end":{"line":440,"column":13590}},"40":{"start":{"line":444,"column":4},"end":{"line":444,"column":50}},"41":{"start":{"line":447,"column":4},"end":{"line":447,"column":13788}},"42":{"start":{"line":452,"column":4},"end":{"line":452,"column":37}},"43":{"start":{"line":454,"column":4},"end":{"line":454,"column":49}}},"branchMap":{"1":{"line":273,"type":"if","locations":[{"start":{"line":273,"column":21},"end":{"line":273,"column":21}},{"start":{"line":273,"column":21},"end":{"line":273,"column":21}}]},"2":{"line":298,"type":"if","locations":[{"start":{"line":298,"column":21},"end":{"line":298,"column":21}},{"start":{"line":298,"column":21},"end":{"line":298,"column":21}}]},"3":{"line":342,"type":"if","locations":[{"start":{"line":342,"column":6},"end":{"line":342,"column":6}},{"start":{"line":342,"column":6},"end":{"line":342,"column":6}}]},"4":{"line":347,"type":"if","locations":[{"start":{"line":347,"column":6},"end":{"line":347,"column":6}},{"start":{"line":347,"column":6},"end":{"line":347,"column":6}}]},"5":{"line":353,"type":"if","locations":[{"start":{"line":353,"column":6},"end":{"line":353,"column":6}},{"start":{"line":353,"column":6},"end":{"line":353,"column":6}}]},"6":{"line":358,"type":"if","locations":[{"start":{"line":358,"column":6},"end":{"line":358,"column":6}},{"start":{"line":358,"column":6},"end":{"line":358,"column":6}}]},"7":{"line":366,"type":"if","locations":[{"start":{"line":366,"column":6},"end":{"line":366,"column":6}},{"start":{"line":366,"column":6},"end":{"line":366,"column":6}}]},"8":{"line":376,"type":"if","locations":[{"start":{"line":376,"column":6},"end":{"line":376,"column":6}},{"start":{"line":376,"column":6},"end":{"line":376,"column":6}}]},"9":{"line":383,"type":"if","locations":[{"start":{"line":383,"column":4},"end":{"line":383,"column":4}},{"start":{"line":383,"column":4},"end":{"line":383,"column":4}}]},"10":{"line":390,"type":"if","locations":[{"start":{"line":390,"column":4},"end":{"line":390,"column":4}},{"start":{"line":390,"column":4},"end":{"line":390,"column":4}}]},"11":{"line":397,"type":"if","locations":[{"start":{"line":397,"column":4},"end":{"line":397,"column":4}},{"start":{"line":397,"column":4},"end":{"line":397,"column":4}}]},"12":{"line":404,"type":"if","locations":[{"start":{"line":404,"column":4},"end":{"line":404,"column":4}},{"start":{"line":404,"column":4},"end":{"line":404,"column":4}}]},"13":{"line":427,"type":"if","locations":[{"start":{"line":427,"column":4},"end":{"line":427,"column":4}},{"start":{"line":427,"column":4},"end":{"line":427,"column":4}}]},"14":{"line":432,"type":"if","locations":[{"start":{"line":432,"column":4},"end":{"line":432,"column":4}},{"start":{"line":432,"column":4},"end":{"line":432,"column":4}}]},"15":{"line":440,"type":"if","locations":[{"start":{"line":440,"column":4},"end":{"line":440,"column":4}},{"start":{"line":440,"column":4},"end":{"line":440,"column":4}}]},"16":{"line":447,"type":"if","locations":[{"start":{"line":447,"column":4},"end":{"line":447,"column":4}},{"start":{"line":447,"column":4},"end":{"line":447,"column":4}}]}}},"contracts/ERC721Token.sol":{"l":{"32":3,"33":3,"34":3,"35":3,"43":0,"47":0,"59":4,"68":0},"path":"/home/kostysh/dev/wtmp-contracts-fork/contracts/ERC721Token.sol","s":{"1":3,"2":3,"3":3,"4":3,"5":0,"6":0,"7":4,"8":0},"b":{"1":[0,0],"2":[4,0]},"f":{"1":3,"2":3,"3":0,"4":4,"5":0},"fnMap":{"1":{"name":"constructor","line":25,"loc":{"start":{"line":25,"column":2},"end":{"line":25,"column":78}}},"2":{"name":"safeMint","line":31,"loc":{"start":{"line":31,"column":2},"end":{"line":36,"column":2}}},"3":{"name":"safeBurn","line":42,"loc":{"start":{"line":42,"column":2},"end":{"line":48,"column":2}}},"4":{"name":"_beforeTokenTransfer","line":58,"loc":{"start":{"line":53,"column":2},"end":{"line":60,"column":2}}},"5":{"name":"supportsInterface","line":65,"loc":{"start":{"line":65,"column":2},"end":{"line":69,"column":2}}}},"statementMap":{"1":{"start":{"line":32,"column":4},"end":{"line":32,"column":47}},"2":{"start":{"line":33,"column":4},"end":{"line":33,"column":30}},"3":{"start":{"line":34,"column":4},"end":{"line":34,"column":25}},"4":{"start":{"line":35,"column":4},"end":{"line":35,"column":18}},"5":{"start":{"line":43,"column":4},"end":{"line":43,"column":1475}},"6":{"start":{"line":47,"column":4},"end":{"line":47,"column":17}},"7":{"start":{"line":59,"column":4},"end":{"line":59,"column":59}},"8":{"start":{"line":68,"column":4},"end":{"line":68,"column":47}}},"branchMap":{"1":{"line":43,"type":"if","locations":[{"start":{"line":43,"column":4},"end":{"line":43,"column":4}},{"start":{"line":43,"column":4},"end":{"line":43,"column":4}}]},"2":{"line":58,"type":"if","locations":[{"start":{"line":58,"column":56},"end":{"line":58,"column":56}},{"start":{"line":58,"column":56},"end":{"line":58,"column":56}}]}}},"contracts/Market.sol":{"l":{"39":3,"52":1,"53":1,"62":4,"69":4,"87":5,"104":5,"117":3,"119":3,"120":3,"133":0,"135":0,"159":4,"160":1,"162":1,"163":0,"166":1,"170":1,"173":0,"177":1,"180":4},"path":"/home/kostysh/dev/wtmp-contracts-fork/contracts/Market.sol","s":{"1":3,"2":1,"3":4,"4":4,"5":5,"6":5,"7":3,"8":3,"9":0,"10":0,"11":4,"12":1,"13":1,"14":1,"15":1,"16":4},"b":{"1":[4,1],"2":[4,1],"3":[5,0],"4":[4,0],"5":[1,3],"6":[0,1],"7":[0,1],"8":[0,0]},"f":{"1":3,"2":1,"3":4,"4":4,"5":5,"6":5,"7":3,"8":0,"9":4},"fnMap":{"1":{"name":"constructor","line":37,"loc":{"start":{"line":29,"column":2},"end":{"line":40,"column":2}}},"2":{"name":"resolveTokenId","line":49,"loc":{"start":{"line":49,"column":2},"end":{"line":54,"column":2}}},"3":{"name":"pause","line":61,"loc":{"start":{"line":61,"column":2},"end":{"line":63,"column":2}}},"4":{"name":"unpause","line":68,"loc":{"start":{"line":68,"column":2},"end":{"line":70,"column":2}}},"5":{"name":"_beforeDealCreated","line":86,"loc":{"start":{"line":81,"column":2},"end":{"line":88,"column":2}}},"6":{"name":"_afterDealCreated","line":97,"loc":{"start":{"line":97,"column":2},"end":{"line":105,"column":2}}},"7":{"name":"_afterDealClaimed","line":112,"loc":{"start":{"line":112,"column":2},"end":{"line":121,"column":2}}},"8":{"name":"tokenURI","line":130,"loc":{"start":{"line":130,"column":2},"end":{"line":136,"column":2}}},"9":{"name":"_beforeTokenTransfer","line":157,"loc":{"start":{"line":152,"column":2},"end":{"line":181,"column":2}}}},"statementMap":{"1":{"start":{"line":39,"column":4},"end":{"line":39,"column":27}},"2":{"start":{"line":52,"column":4},"end":{"line":52,"column":26}},"3":{"start":{"line":62,"column":4},"end":{"line":62,"column":11}},"4":{"start":{"line":69,"column":4},"end":{"line":69,"column":13}},"5":{"start":{"line":87,"column":4},"end":{"line":87,"column":55}},"6":{"start":{"line":104,"column":4},"end":{"line":104,"column":54}},"7":{"start":{"line":117,"column":4},"end":{"line":117,"column":37}},"8":{"start":{"line":120,"column":4},"end":{"line":120,"column":42}},"9":{"start":{"line":133,"column":4},"end":{"line":133,"column":26}},"10":{"start":{"line":135,"column":4},"end":{"line":135,"column":13}},"11":{"start":{"line":159,"column":4},"end":{"line":159,"column":4453}},"12":{"start":{"line":160,"column":6},"end":{"line":160,"column":44}},"13":{"start":{"line":162,"column":6},"end":{"line":162,"column":4534}},"14":{"start":{"line":166,"column":6},"end":{"line":166,"column":45}},"15":{"start":{"line":170,"column":6},"end":{"line":170,"column":4786}},"16":{"start":{"line":180,"column":4},"end":{"line":180,"column":59}}},"branchMap":{"1":{"line":61,"type":"if","locations":[{"start":{"line":61,"column":26},"end":{"line":61,"column":26}},{"start":{"line":61,"column":26},"end":{"line":61,"column":26}}]},"2":{"line":68,"type":"if","locations":[{"start":{"line":68,"column":28},"end":{"line":68,"column":28}},{"start":{"line":68,"column":28},"end":{"line":68,"column":28}}]},"3":{"line":86,"type":"if","locations":[{"start":{"line":86,"column":37},"end":{"line":86,"column":37}},{"start":{"line":86,"column":37},"end":{"line":86,"column":37}}]},"4":{"line":157,"type":"if","locations":[{"start":{"line":157,"column":35},"end":{"line":157,"column":35}},{"start":{"line":157,"column":35},"end":{"line":157,"column":35}}]},"5":{"line":159,"type":"if","locations":[{"start":{"line":159,"column":4},"end":{"line":159,"column":4}},{"start":{"line":159,"column":4},"end":{"line":159,"column":4}}]},"6":{"line":162,"type":"if","locations":[{"start":{"line":162,"column":6},"end":{"line":162,"column":6}},{"start":{"line":162,"column":6},"end":{"line":162,"column":6}}]},"7":{"line":170,"type":"if","locations":[{"start":{"line":170,"column":6},"end":{"line":170,"column":6}},{"start":{"line":170,"column":6},"end":{"line":170,"column":6}}]},"8":{"line":171,"type":"cond-expr","locations":[{"start":{"line":171,"column":8},"end":{"line":171,"column":36}},{"start":{"line":171,"column":41},"end":{"line":171,"column":78}}]}}},"contracts/SuppliersRegistry.sol":{"l":{"76":29,"77":2,"79":27,"87":3,"89":3,"99":7,"107":5,"129":17,"130":17,"132":17,"133":1,"136":16,"137":16,"156":1,"157":1,"158":1,"177":4,"178":4,"179":4,"186":18,"198":2,"217":2,"218":1,"221":1,"222":0,"225":1,"227":1,"256":20,"257":1,"260":19,"261":19,"263":19,"265":2,"266":1,"278":18,"279":0,"282":17,"284":17},"path":"/home/kostysh/dev/wtmp-contracts-fork/contracts/SuppliersRegistry.sol","s":{"1":29,"2":3,"3":3,"4":7,"5":5,"6":17,"7":17,"8":17,"9":16,"10":1,"11":1,"12":4,"13":4,"14":18,"15":2,"16":2,"17":1,"18":1,"19":20,"20":19,"21":19,"22":19,"23":2,"24":1,"25":18,"26":17},"b":{"1":[2,27],"2":[17,0],"3":[1,16],"4":[1,1],"5":[1,0],"6":[4,1],"7":[4,0],"8":[18,0],"9":[2,0],"10":[2,0],"11":[2,0],"12":[1,1],"13":[0,1],"14":[20,0],"15":[1,19],"16":[2,17],"17":[0,17]},"f":{"1":29,"2":3,"3":7,"4":5,"5":17,"6":1,"7":4,"8":18,"9":2,"10":2,"11":20},"fnMap":{"1":{"name":"onlySupplierOwner","line":75,"loc":{"start":{"line":75,"column":2},"end":{"line":80,"column":2}}},"2":{"name":"constructor","line":85,"loc":{"start":{"line":85,"column":2},"end":{"line":90,"column":2}}},"3":{"name":"balanceOfSupplier","line":98,"loc":{"start":{"line":98,"column":2},"end":{"line":100,"column":2}}},"4":{"name":"isSupplierEnabled","line":106,"loc":{"start":{"line":106,"column":2},"end":{"line":108,"column":2}}},"5":{"name":"register","line":128,"loc":{"start":{"line":128,"column":2},"end":{"line":138,"column":2}}},"6":{"name":"changeSigner","line":155,"loc":{"start":{"line":152,"column":2},"end":{"line":159,"column":2}}},"7":{"name":"toggleSupplier","line":176,"loc":{"start":{"line":174,"column":2},"end":{"line":180,"column":2}}},"8":{"name":"addDeposit","line":185,"loc":{"start":{"line":185,"column":2},"end":{"line":187,"column":2}}},"9":{"name":"addDeposit","line":197,"loc":{"start":{"line":192,"column":2},"end":{"line":199,"column":2}}},"10":{"name":"withdrawDeposit","line":216,"loc":{"start":{"line":213,"column":2},"end":{"line":228,"column":2}}},"11":{"name":"_addDeposit","line":255,"loc":{"start":{"line":250,"column":2},"end":{"line":285,"column":2}}}},"statementMap":{"1":{"start":{"line":76,"column":4},"end":{"line":76,"column":2411}},"2":{"start":{"line":87,"column":4},"end":{"line":87,"column":26}},"3":{"start":{"line":89,"column":4},"end":{"line":89,"column":37}},"4":{"start":{"line":99,"column":4},"end":{"line":99,"column":23}},"5":{"start":{"line":107,"column":4},"end":{"line":107,"column":32}},"6":{"start":{"line":129,"column":4},"end":{"line":129,"column":40}},"7":{"start":{"line":130,"column":4},"end":{"line":130,"column":65}},"8":{"start":{"line":132,"column":4},"end":{"line":132,"column":4105}},"9":{"start":{"line":137,"column":4},"end":{"line":137,"column":46}},"10":{"start":{"line":156,"column":4},"end":{"line":156,"column":44}},"11":{"start":{"line":158,"column":4},"end":{"line":158,"column":59}},"12":{"start":{"line":177,"column":4},"end":{"line":177,"column":41}},"13":{"start":{"line":179,"column":4},"end":{"line":179,"column":49}},"14":{"start":{"line":186,"column":4},"end":{"line":186,"column":32}},"15":{"start":{"line":198,"column":4},"end":{"line":198,"column":41}},"16":{"start":{"line":217,"column":4},"end":{"line":217,"column":6462}},"17":{"start":{"line":221,"column":4},"end":{"line":221,"column":6534}},"18":{"start":{"line":227,"column":4},"end":{"line":227,"column":42}},"19":{"start":{"line":256,"column":4},"end":{"line":256,"column":7563}},"20":{"start":{"line":260,"column":4},"end":{"line":260,"column":40}},"21":{"start":{"line":261,"column":4},"end":{"line":261,"column":38}},"22":{"start":{"line":263,"column":4},"end":{"line":263,"column":7745}},"23":{"start":{"line":265,"column":6},"end":{"line":265,"column":52}},"24":{"start":{"line":266,"column":6},"end":{"line":266,"column":7910}},"25":{"start":{"line":278,"column":4},"end":{"line":278,"column":8145}},"26":{"start":{"line":284,"column":4},"end":{"line":284,"column":42}}},"branchMap":{"1":{"line":76,"type":"if","locations":[{"start":{"line":76,"column":4},"end":{"line":76,"column":4}},{"start":{"line":76,"column":4},"end":{"line":76,"column":4}}]},"2":{"line":128,"type":"if","locations":[{"start":{"line":128,"column":59},"end":{"line":128,"column":59}},{"start":{"line":128,"column":59},"end":{"line":128,"column":59}}]},"3":{"line":132,"type":"if","locations":[{"start":{"line":132,"column":4},"end":{"line":132,"column":4}},{"start":{"line":132,"column":4},"end":{"line":132,"column":4}}]},"4":{"line":155,"type":"if","locations":[{"start":{"line":155,"column":13},"end":{"line":155,"column":13}},{"start":{"line":155,"column":13},"end":{"line":155,"column":13}}]},"5":{"line":155,"type":"if","locations":[{"start":{"line":155,"column":35},"end":{"line":155,"column":35}},{"start":{"line":155,"column":35},"end":{"line":155,"column":35}}]},"6":{"line":176,"type":"if","locations":[{"start":{"line":176,"column":13},"end":{"line":176,"column":13}},{"start":{"line":176,"column":13},"end":{"line":176,"column":13}}]},"7":{"line":176,"type":"if","locations":[{"start":{"line":176,"column":35},"end":{"line":176,"column":35}},{"start":{"line":176,"column":35},"end":{"line":176,"column":35}}]},"8":{"line":185,"type":"if","locations":[{"start":{"line":185,"column":58},"end":{"line":185,"column":58}},{"start":{"line":185,"column":58},"end":{"line":185,"column":58}}]},"9":{"line":197,"type":"if","locations":[{"start":{"line":197,"column":13},"end":{"line":197,"column":13}},{"start":{"line":197,"column":13},"end":{"line":197,"column":13}}]},"10":{"line":216,"type":"if","locations":[{"start":{"line":216,"column":13},"end":{"line":216,"column":13}},{"start":{"line":216,"column":13},"end":{"line":216,"column":13}}]},"11":{"line":216,"type":"if","locations":[{"start":{"line":216,"column":35},"end":{"line":216,"column":35}},{"start":{"line":216,"column":35},"end":{"line":216,"column":35}}]},"12":{"line":217,"type":"if","locations":[{"start":{"line":217,"column":4},"end":{"line":217,"column":4}},{"start":{"line":217,"column":4},"end":{"line":217,"column":4}}]},"13":{"line":221,"type":"if","locations":[{"start":{"line":221,"column":4},"end":{"line":221,"column":4}},{"start":{"line":221,"column":4},"end":{"line":221,"column":4}}]},"14":{"line":255,"type":"if","locations":[{"start":{"line":255,"column":13},"end":{"line":255,"column":13}},{"start":{"line":255,"column":13},"end":{"line":255,"column":13}}]},"15":{"line":256,"type":"if","locations":[{"start":{"line":256,"column":4},"end":{"line":256,"column":4}},{"start":{"line":256,"column":4},"end":{"line":256,"column":4}}]},"16":{"line":263,"type":"if","locations":[{"start":{"line":263,"column":4},"end":{"line":263,"column":4}},{"start":{"line":263,"column":4},"end":{"line":263,"column":4}}]},"17":{"line":278,"type":"if","locations":[{"start":{"line":278,"column":4},"end":{"line":278,"column":4}},{"start":{"line":278,"column":4},"end":{"line":278,"column":4}}]}}},"contracts/upgradeable/Upgradeable.sol":{"l":{"12":0,"13":0,"15":0,"16":0,"18":0},"path":"/home/kostysh/dev/wtmp-contracts-fork/contracts/upgradeable/Upgradeable.sol","s":{"1":0,"2":0},"b":{"1":[0,0],"2":[0,0]},"f":{"1":0},"fnMap":{"1":{"name":"onlyUpgrader","line":11,"loc":{"start":{"line":11,"column":2},"end":{"line":19,"column":2}}}},"statementMap":{"1":{"start":{"line":12,"column":4},"end":{"line":12,"column":278}},"2":{"start":{"line":15,"column":4},"end":{"line":15,"column":347}}},"branchMap":{"1":{"line":12,"type":"if","locations":[{"start":{"line":12,"column":4},"end":{"line":12,"column":4}},{"start":{"line":12,"column":4},"end":{"line":12,"column":4}}]},"2":{"line":15,"type":"if","locations":[{"start":{"line":15,"column":4},"end":{"line":15,"column":4}},{"start":{"line":15,"column":4},"end":{"line":15,"column":4}}]}}},"contracts/utils/IERC20.sol":{"l":{},"path":"/home/kostysh/dev/wtmp-contracts-fork/contracts/utils/IERC20.sol","s":{},"b":{},"f":{},"fnMap":{},"statementMap":{},"branchMap":{}},"contracts/utils/SignatureUtils.sol":{"l":{"11":2,"12":1,"26":1},"path":"/home/kostysh/dev/wtmp-contracts-fork/contracts/utils/SignatureUtils.sol","s":{"1":2},"b":{"1":[1,1]},"f":{"1":2},"fnMap":{"1":{"name":"split","line":8,"loc":{"start":{"line":8,"column":2},"end":{"line":28,"column":2}}}},"statementMap":{"1":{"start":{"line":11,"column":4},"end":{"line":11,"column":270}}},"branchMap":{"1":{"line":11,"type":"if","locations":[{"start":{"line":11,"column":4},"end":{"line":11,"column":4}},{"start":{"line":11,"column":4},"end":{"line":11,"column":4}}]}}},"contracts/utils/StringUtils.sol":{"l":{"9":0},"path":"/home/kostysh/dev/wtmp-contracts-fork/contracts/utils/StringUtils.sol","s":{"1":0},"b":{},"f":{"1":0},"fnMap":{"1":{"name":"equal","line":5,"loc":{"start":{"line":5,"column":2},"end":{"line":10,"column":2}}}},"statementMap":{"1":{"start":{"line":9,"column":4},"end":{"line":9,"column":77}}},"branchMap":{}}}